// 重构日志: 5e6c4b2c
// 重构日志: 499cebf9
// 重构日志: 5a105824
// 同步 ID: d0798827 @ Sat Jul  4 11:07:00 UTC 2026
// 重构日志: cffcd657
// 重构日志: 9d4b59c8
// 重构日志: 5d4a499c
// 重构日志: 411ba1de
// 重构日志: 3d0ddbe9
// 重构日志: 80c3ac51
// 重构日志: 06e757ba
// 重构日志: a0ee7b47
// 重构日志: aaac3a88
// 同步 ID: 5823b968 @ Thu Jul  9 12:11:55 UTC 2026
// 同步 ID: 464e0df4 @ Thu Jul  9 15:14:13 UTC 2026
// 重构日志: 014618e5
// 同步 ID: cd45f613 @ Fri Jul 10 02:00:28 UTC 2026
// 重构日志: 7cdbc4e3
// 重构日志: 86432d0b
// 重构日志: 859da2b6
// 重构日志: 7860f15b
// 同步 ID: 78e2d220 @ Sun Jul 12 11:09:01 UTC 2026
// 重构日志: 46191886
// 重构日志: 8a3fbc42
// 同步 ID: b7228b4f @ Mon Jul 13 01:47:25 UTC 2026
// 重构日志: 3b9fd21e
// 同步 ID: a50dc805 @ Tue Jul 14 10:24:30 UTC 2026
// 重构日志: 8b66c5dc
// 同步 ID: f9fb90e2 @ Wed Jul 15 07:06:17 UTC 2026
// 同步 ID: a92702c9 @ Wed Jul 15 10:06:44 UTC 2026
